Determining if the pthread_create exist failed with the following output:
Change Dir: /home/diab/turtlebot/build/CMakeFiles/CMakeTmp

Run Build Command:/usr/bin/make "cmTryCompileExec1398840632/fast"
/usr/bin/make -f CMakeFiles/cmTryCompileExec1398840632.dir/build.make CMakeFiles/cmTryCompileExec1398840632.dir/build
make[1]: Entering directory `/home/diab/turtlebot/build/CMakeFiles/CMakeTmp'
/usr/bin/cmake -E cmake_progress_report /home/diab/turtlebot/build/CMakeFiles/CMakeTmp/CMakeFiles 1
Building C object CMakeFiles/cmTryCompileExec1398840632.dir/CheckSymbolExists.c.o
/usr/bin/cc    -o CMakeFiles/cmTryCompileExec1398840632.dir/CheckSymbolExists.c.o   -c /home/diab/turtlebot/build/CMakeFiles/CMakeTmp/CheckSymbolExists.c
Linking C executable cmTryCompileExec1398840632
/usr/bin/cmake -E cmake_link_script CMakeFiles/cmTryCompileExec1398840632.dir/link.txt --verbose=1
/usr/bin/cc       CMakeFiles/cmTryCompileExec1398840632.dir/CheckSymbolExists.c.o  -o cmTryCompileExec1398840632 -rdynamic 
CMakeFiles/cmTryCompileExec1398840632.dir/CheckSymbolExists.c.o: In function `main':
CheckSymbolExists.c:(.text+0x16): undefined reference to `pthread_create'
collect2: error: ld returned 1 exit status
make[1]: Leaving directory `/home/diab/turtlebot/build/CMakeFiles/CMakeTmp'
make[1]: *** [cmTryCompileExec1398840632] Error 1
make: *** [cmTryCompileExec1398840632/fast] Error 2

File /home/diab/turtlebot/build/CMakeFiles/CMakeTmp/CheckSymbolExists.c:
/* */
#include <pthread.h>

int main(int argc, char** argv)
{
  (void)argv;
#ifndef pthread_create
  return ((int*)(&pthread_create))[argc];
#else
  (void)argc;
  return 0;
#endif
}

Determining if the function pthread_create exists in the pthreads failed with the following output:
Change Dir: /home/diab/turtlebot/build/CMakeFiles/CMakeTmp

Run Build Command:/usr/bin/make "cmTryCompileExec2307039396/fast"
/usr/bin/make -f CMakeFiles/cmTryCompileExec2307039396.dir/build.make CMakeFiles/cmTryCompileExec2307039396.dir/build
make[1]: Entering directory `/home/diab/turtlebot/build/CMakeFiles/CMakeTmp'
/usr/bin/cmake -E cmake_progress_report /home/diab/turtlebot/build/CMakeFiles/CMakeTmp/CMakeFiles 1
Building C object CMakeFiles/cmTryCompileExec2307039396.dir/CheckFunctionExists.c.o
/usr/bin/cc   -DCHECK_FUNCTION_EXISTS=pthread_create   -o CMakeFiles/cmTryCompileExec2307039396.dir/CheckFunctionExists.c.o   -c /usr/share/cmake-2.8/Modules/CheckFunctionExists.c
Linking C executable cmTryCompileExec2307039396
/usr/bin/cmake -E cmake_link_script CMakeFiles/cmTryCompileExec2307039396.dir/link.txt --verbose=1
/usr/bin/cc   -DCHECK_FUNCTION_EXISTS=pthread_create    CMakeFiles/cmTryCompileExec2307039396.dir/CheckFunctionExists.c.o  -o cmTryCompileExec2307039396 -rdynamic -lpthreads 
/usr/bin/ld: cannot find -lpthreads
collect2: error: ld returned 1 exit status
make[1]: Leaving directory `/home/diab/turtlebot/build/CMakeFiles/CMakeTmp'
make[1]: *** [cmTryCompileExec2307039396] Error 1
make: *** [cmTryCompileExec2307039396/fast] Error 2


